<?xml version="1.0" encoding="UTF-8"?>
<coverage generated="1675242059271" clover="3.2.0">
  <project timestamp="1675242059271" name="All files">
    <metrics statements="168" coveredstatements="163" conditionals="48" coveredconditionals="41" methods="44" coveredmethods="40" elements="260" coveredelements="244" complexity="0" loc="168" ncloc="168" packages="4" files="13" classes="13"/>
    <package name="fizzBuzz">
      <metrics statements="60" coveredstatements="60" conditionals="25" coveredconditionals="25" methods="16" coveredmethods="16"/>
      <file name="fizzBuzz.ts" path="/Users/cmb3/Documents/Code Kata/fizzBuzz/src/fizzBuzz/fizzBuzz.ts">
        <metrics statements="24" coveredstatements="24" conditionals="11" coveredconditionals="11" methods="6" coveredmethods="6"/>
        <line num="16" count="10" type="cond" truecount="2" falsecount="0"/>
        <line num="18" count="6" type="stmt"/>
        <line num="20" count="8" type="cond" truecount="1" falsecount="0"/>
        <line num="21" count="1" type="stmt"/>
        <line num="22" count="7" type="cond" truecount="1" falsecount="0"/>
        <line num="23" count="1" type="stmt"/>
        <line num="25" count="6" type="cond" truecount="1" falsecount="0"/>
        <line num="26" count="1" type="stmt"/>
        <line num="27" count="5" type="cond" truecount="1" falsecount="0"/>
        <line num="28" count="1" type="stmt"/>
        <line num="30" count="2" type="stmt"/>
        <line num="34" count="4" type="stmt"/>
        <line num="57" count="1" type="stmt"/>
        <line num="62" count="11" type="cond" truecount="1" falsecount="0"/>
        <line num="64" count="10" type="stmt"/>
        <line num="66" count="6" type="stmt"/>
        <line num="67" count="6" type="stmt"/>
        <line num="70" count="6" type="stmt"/>
        <line num="77" count="1000400" type="stmt"/>
        <line num="80" count="2000800" type="cond" truecount="1" falsecount="0"/>
        <line num="82" count="533535" type="stmt"/>
        <line num="85" count="2000800" type="stmt"/>
        <line num="87" count="1000400" type="cond" truecount="2" falsecount="0"/>
        <line num="91" count="6" type="stmt"/>
      </file>
      <file name="fizzBuzzDp.ts" path="/Users/cmb3/Documents/Code Kata/fizzBuzz/src/fizzBuzz/fizzBuzzDp.ts">
        <metrics statements="36" coveredstatements="36" conditionals="14" coveredconditionals="14" methods="10" coveredmethods="10"/>
        <line num="12" count="1" type="stmt"/>
        <line num="22" count="12" type="cond" truecount="1" falsecount="0"/>
        <line num="23" count="1" type="stmt"/>
        <line num="24" count="11" type="cond" truecount="1" falsecount="0"/>
        <line num="25" count="1" type="stmt"/>
        <line num="26" count="10" type="cond" truecount="1" falsecount="0"/>
        <line num="27" count="1" type="stmt"/>
        <line num="29" count="9" type="cond" truecount="1" falsecount="0"/>
        <line num="30" count="1" type="stmt"/>
        <line num="31" count="8" type="cond" truecount="1" falsecount="0"/>
        <line num="32" count="7" type="cond" truecount="1" falsecount="0"/>
        <line num="33" count="1" type="stmt"/>
        <line num="35" count="6" type="stmt"/>
        <line num="36" count="6" type="stmt"/>
        <line num="37" count="6" type="stmt"/>
        <line num="44" count="2000900" type="stmt"/>
        <line num="45" count="2000900" type="stmt"/>
        <line num="48" count="2000900" type="stmt"/>
        <line num="57" count="1" type="stmt"/>
        <line num="61" count="3" type="stmt"/>
        <line num="69" count="6" type="stmt"/>
        <line num="70" count="6" type="stmt"/>
        <line num="72" count="6" type="stmt"/>
        <line num="75" count="1000450" type="stmt"/>
        <line num="78" count="2000900" type="cond" truecount="1" falsecount="0"/>
        <line num="80" count="2000900" type="stmt"/>
        <line num="82" count="1000450" type="cond" truecount="2" falsecount="0"/>
        <line num="84" count="6" type="stmt"/>
        <line num="91" count="1" type="stmt"/>
        <line num="106" count="1" type="stmt"/>
        <line num="110" count="9" type="cond" truecount="1" falsecount="0"/>
        <line num="111" count="1" type="stmt"/>
        <line num="113" count="8" type="stmt"/>
        <line num="121" count="8" type="cond" truecount="1" falsecount="0"/>
        <line num="122" count="7" type="cond" truecount="1" falsecount="0"/>
        <line num="123" count="6" type="stmt"/>
      </file>
    </package>
    <package name="harryPotter.basket">
      <metrics statements="12" coveredstatements="11" conditionals="3" coveredconditionals="2" methods="7" coveredmethods="5"/>
      <file name="Basket.ts" path="/Users/cmb3/Documents/Code Kata/fizzBuzz/src/harryPotter/basket/Basket.ts">
        <metrics statements="12" coveredstatements="11" conditionals="3" coveredconditionals="2" methods="7" coveredmethods="5"/>
        <line num="3" count="1" type="stmt"/>
        <line num="7" count="1" type="stmt"/>
        <line num="15" count="13" type="stmt"/>
        <line num="16" count="13" type="stmt"/>
        <line num="23" count="70" type="stmt"/>
        <line num="30" count="0" type="stmt"/>
        <line num="38" count="13" type="stmt"/>
        <line num="39" count="70" type="stmt"/>
        <line num="40" count="70" type="cond" truecount="1" falsecount="1"/>
        <line num="41" count="70" type="stmt"/>
        <line num="44" count="13" type="stmt"/>
        <line num="48" count="13" type="stmt"/>
      </file>
    </package>
    <package name="harryPotter.productManagement">
      <metrics statements="19" coveredstatements="18" conditionals="2" coveredconditionals="1" methods="3" coveredmethods="2"/>
      <file name="Book.ts" path="/Users/cmb3/Documents/Code Kata/fizzBuzz/src/harryPotter/productManagement/Book.ts">
        <metrics statements="5" coveredstatements="4" conditionals="0" coveredconditionals="0" methods="2" coveredmethods="1"/>
        <line num="2" count="1" type="stmt"/>
        <line num="12" count="1" type="stmt"/>
        <line num="21" count="8" type="stmt"/>
        <line num="22" count="8" type="stmt"/>
        <line num="29" count="0" type="stmt"/>
      </file>
      <file name="Product.ts" path="/Users/cmb3/Documents/Code Kata/fizzBuzz/src/harryPotter/productManagement/Product.ts">
        <metrics statements="4" coveredstatements="4" conditionals="2" coveredconditionals="1" methods="1" coveredmethods="1"/>
        <line num="2" count="1" type="stmt"/>
        <line num="13" count="1" type="stmt"/>
        <line num="22" count="8" type="cond" truecount="1" falsecount="1"/>
        <line num="23" count="8" type="stmt"/>
      </file>
      <file name="productData.ts" path="/Users/cmb3/Documents/Code Kata/fizzBuzz/src/harryPotter/productManagement/productData.ts">
        <metrics statements="10" coveredstatements="10" conditionals="0" coveredconditionals="0" methods="0" coveredmethods="0"/>
        <line num="1" count="1" type="stmt"/>
        <line num="4" count="1" type="stmt"/>
        <line num="9" count="1" type="stmt"/>
        <line num="14" count="1" type="stmt"/>
        <line num="19" count="1" type="stmt"/>
        <line num="24" count="1" type="stmt"/>
        <line num="29" count="1" type="stmt"/>
        <line num="34" count="1" type="stmt"/>
        <line num="39" count="1" type="stmt"/>
        <line num="45" count="1" type="stmt"/>
      </file>
    </package>
    <package name="harryPotter.promotionManagement">
      <metrics statements="77" coveredstatements="74" conditionals="18" coveredconditionals="13" methods="18" coveredmethods="17"/>
      <file name="BuyFiveHarryPotterBooksSave25Percent.ts" path="/Users/cmb3/Documents/Code Kata/fizzBuzz/src/harryPotter/promotionManagement/BuyFiveHarryPotterBooksSave25Percent.ts">
        <metrics statements="8" coveredstatements="8" conditionals="0" coveredconditionals="0" methods="1" coveredmethods="1"/>
        <line num="2" count="1" type="stmt"/>
        <line num="3" count="1" type="stmt"/>
        <line num="7" count="1" type="stmt"/>
        <line num="9" count="41" type="stmt"/>
        <line num="10" count="41" type="stmt"/>
        <line num="11" count="41" type="stmt"/>
        <line num="12" count="41" type="stmt"/>
        <line num="13" count="41" type="stmt"/>
      </file>
      <file name="BuyFourHarryPotterBooksSave20Percent.ts" path="/Users/cmb3/Documents/Code Kata/fizzBuzz/src/harryPotter/promotionManagement/BuyFourHarryPotterBooksSave20Percent.ts">
        <metrics statements="8" coveredstatements="8" conditionals="0" coveredconditionals="0" methods="1" coveredmethods="1"/>
        <line num="2" count="1" type="stmt"/>
        <line num="3" count="1" type="stmt"/>
        <line num="7" count="1" type="stmt"/>
        <line num="9" count="41" type="stmt"/>
        <line num="10" count="41" type="stmt"/>
        <line num="11" count="41" type="stmt"/>
        <line num="12" count="41" type="stmt"/>
        <line num="13" count="41" type="stmt"/>
      </file>
      <file name="BuyThreeHarryPotterBooksSave10Percent.ts" path="/Users/cmb3/Documents/Code Kata/fizzBuzz/src/harryPotter/promotionManagement/BuyThreeHarryPotterBooksSave10Percent.ts">
        <metrics statements="8" coveredstatements="8" conditionals="0" coveredconditionals="0" methods="1" coveredmethods="1"/>
        <line num="2" count="1" type="stmt"/>
        <line num="3" count="1" type="stmt"/>
        <line num="7" count="1" type="stmt"/>
        <line num="9" count="41" type="stmt"/>
        <line num="10" count="41" type="stmt"/>
        <line num="11" count="41" type="stmt"/>
        <line num="12" count="41" type="stmt"/>
        <line num="13" count="41" type="stmt"/>
      </file>
      <file name="BuyTwoHarryPotterBooksSave5Percent.ts" path="/Users/cmb3/Documents/Code Kata/fizzBuzz/src/harryPotter/promotionManagement/BuyTwoHarryPotterBooksSave5Percent.ts">
        <metrics statements="8" coveredstatements="8" conditionals="0" coveredconditionals="0" methods="1" coveredmethods="1"/>
        <line num="2" count="1" type="stmt"/>
        <line num="3" count="1" type="stmt"/>
        <line num="7" count="1" type="stmt"/>
        <line num="9" count="41" type="stmt"/>
        <line num="10" count="41" type="stmt"/>
        <line num="11" count="41" type="stmt"/>
        <line num="12" count="41" type="stmt"/>
        <line num="13" count="41" type="stmt"/>
      </file>
      <file name="Promotion.ts" path="/Users/cmb3/Documents/Code Kata/fizzBuzz/src/harryPotter/promotionManagement/Promotion.ts">
        <metrics statements="20" coveredstatements="17" conditionals="13" coveredconditionals="8" methods="11" coveredmethods="10"/>
        <line num="6" count="1" type="stmt"/>
        <line num="16" count="444" type="stmt"/>
        <line num="31" count="164" type="cond" truecount="1" falsecount="1"/>
        <line num="33" count="0" type="cond" truecount="0" falsecount="2"/>
        <line num="34" count="0" type="stmt"/>
        <line num="37" count="444" type="cond" truecount="2" falsecount="0"/>
        <line num="38" count="736" type="cond" truecount="2" falsecount="0"/>
        <line num="41" count="4" type="stmt"/>
        <line num="44" count="164" type="stmt"/>
        <line num="45" count="188" type="stmt"/>
        <line num="46" count="188" type="stmt"/>
        <line num="47" count="188" type="cond" truecount="2" falsecount="1"/>
        <line num="48" count="0" type="stmt"/>
        <line num="49" count="188" type="stmt"/>
        <line num="51" count="164" type="stmt"/>
        <line num="63" count="46" type="stmt"/>
        <line num="64" count="149" type="stmt"/>
        <line num="65" count="149" type="cond" truecount="1" falsecount="1"/>
        <line num="66" count="149" type="stmt"/>
        <line num="68" count="46" type="stmt"/>
      </file>
      <file name="PromotionOptimiser.ts" path="/Users/cmb3/Documents/Code Kata/fizzBuzz/src/harryPotter/promotionManagement/PromotionOptimiser.ts">
        <metrics statements="23" coveredstatements="23" conditionals="5" coveredconditionals="5" methods="3" coveredmethods="3"/>
        <line num="3" count="1" type="stmt"/>
        <line num="4" count="1" type="stmt"/>
        <line num="5" count="1" type="stmt"/>
        <line num="6" count="1" type="stmt"/>
        <line num="11" count="1" type="stmt"/>
        <line num="17" count="41" type="stmt"/>
        <line num="33" count="41" type="stmt"/>
        <line num="38" count="41" type="stmt"/>
        <line num="39" count="164" type="stmt"/>
        <line num="41" count="164" type="cond" truecount="1" falsecount="0"/>
        <line num="44" count="46" type="stmt"/>
        <line num="46" count="46" type="cond" truecount="2" falsecount="0"/>
        <line num="47" count="18" type="stmt"/>
        <line num="51" count="18" type="cond" truecount="1" falsecount="0"/>
        <line num="52" count="18" type="stmt"/>
        <line num="60" count="28" type="stmt"/>
        <line num="65" count="28" type="stmt"/>
        <line num="70" count="28" type="stmt"/>
        <line num="71" count="28" type="stmt"/>
        <line num="76" count="28" type="stmt"/>
        <line num="77" count="28" type="cond" truecount="1" falsecount="0"/>
        <line num="78" count="22" type="stmt"/>
        <line num="84" count="41" type="stmt"/>
      </file>
      <file name="qualifyingProducts.ts" path="/Users/cmb3/Documents/Code Kata/fizzBuzz/src/harryPotter/promotionManagement/qualifyingProducts.ts">
        <metrics statements="2" coveredstatements="2" conditionals="0" coveredconditionals="0" methods="0" coveredmethods="0"/>
        <line num="2" count="1" type="stmt"/>
        <line num="14" count="1" type="stmt"/>
      </file>
    </package>
  </project>
</coverage>
