<?xml version="1.0" encoding="UTF-8"?>
<coverage generated="1674666025423" clover="3.2.0">
  <project timestamp="1674666025423" name="All files">
    <metrics statements="55" coveredstatements="55" conditionals="23" coveredconditionals="23" methods="15" coveredmethods="15" elements="93" coveredelements="93" complexity="0" loc="55" ncloc="55" packages="1" files="2" classes="2"/>
    <file name="fizzBuzz.ts" path="/Users/cmb3/Documents/Code Kata/fizzBuzz/src/fizzBuzz.ts">
      <metrics statements="24" coveredstatements="24" conditionals="11" coveredconditionals="11" methods="6" coveredmethods="6"/>
      <line num="16" count="10" type="cond" truecount="2" falsecount="0"/>
      <line num="18" count="6" type="stmt"/>
      <line num="20" count="8" type="cond" truecount="1" falsecount="0"/>
      <line num="21" count="1" type="stmt"/>
      <line num="22" count="7" type="cond" truecount="1" falsecount="0"/>
      <line num="23" count="1" type="stmt"/>
      <line num="25" count="6" type="cond" truecount="1" falsecount="0"/>
      <line num="26" count="1" type="stmt"/>
      <line num="27" count="5" type="cond" truecount="1" falsecount="0"/>
      <line num="28" count="1" type="stmt"/>
      <line num="30" count="2" type="stmt"/>
      <line num="34" count="4" type="stmt"/>
      <line num="57" count="1" type="stmt"/>
      <line num="62" count="11" type="cond" truecount="1" falsecount="0"/>
      <line num="64" count="10" type="stmt"/>
      <line num="66" count="6" type="stmt"/>
      <line num="67" count="6" type="stmt"/>
      <line num="70" count="6" type="stmt"/>
      <line num="77" count="1000400" type="stmt"/>
      <line num="80" count="2000800" type="cond" truecount="1" falsecount="0"/>
      <line num="82" count="533535" type="stmt"/>
      <line num="85" count="2000800" type="stmt"/>
      <line num="87" count="1000400" type="cond" truecount="2" falsecount="0"/>
      <line num="91" count="6" type="stmt"/>
    </file>
    <file name="fizzBuzzDp.ts" path="/Users/cmb3/Documents/Code Kata/fizzBuzz/src/fizzBuzzDp.ts">
      <metrics statements="31" coveredstatements="31" conditionals="12" coveredconditionals="12" methods="9" coveredmethods="9"/>
      <line num="12" count="1" type="stmt"/>
      <line num="18" count="12" type="cond" truecount="1" falsecount="0"/>
      <line num="19" count="1" type="stmt"/>
      <line num="20" count="11" type="cond" truecount="1" falsecount="0"/>
      <line num="21" count="1" type="stmt"/>
      <line num="22" count="10" type="cond" truecount="1" falsecount="0"/>
      <line num="23" count="1" type="stmt"/>
      <line num="25" count="9" type="cond" truecount="1" falsecount="0"/>
      <line num="26" count="1" type="stmt"/>
      <line num="27" count="8" type="cond" truecount="1" falsecount="0"/>
      <line num="28" count="7" type="cond" truecount="1" falsecount="0"/>
      <line num="29" count="1" type="stmt"/>
      <line num="31" count="6" type="stmt"/>
      <line num="32" count="6" type="stmt"/>
      <line num="33" count="6" type="stmt"/>
      <line num="36" count="900" type="stmt"/>
      <line num="37" count="900" type="stmt"/>
      <line num="40" count="900" type="stmt"/>
      <line num="49" count="1" type="stmt"/>
      <line num="53" count="3" type="stmt"/>
      <line num="60" count="5" type="stmt"/>
      <line num="63" count="450" type="stmt"/>
      <line num="66" count="900" type="cond" truecount="1" falsecount="0"/>
      <line num="68" count="900" type="stmt"/>
      <line num="70" count="450" type="cond" truecount="2" falsecount="0"/>
      <line num="72" count="5" type="stmt"/>
      <line num="80" count="1" type="stmt"/>
      <line num="93" count="1" type="stmt"/>
      <line num="96" count="6" type="stmt"/>
      <line num="101" count="6" type="cond" truecount="1" falsecount="0"/>
      <line num="102" count="5" type="stmt"/>
    </file>
  </project>
</coverage>
