{"/Users/cmb3/Documents/Code Kata/fizzBuzz/src/fizzBuzz.ts": {"path":"/Users/cmb3/Documents/Code Kata/fizzBuzz/src/fizzBuzz.ts","statementMap":{"0":{"start":{"line":16,"column":2},"end":{"line":44,"column":null}},"1":{"start":{"line":18,"column":4},"end":{"line":29,"column":7}},"2":{"start":{"line":20,"column":6},"end":{"line":21,"column":70}},"3":{"start":{"line":21,"column":8},"end":{"line":21,"column":70}},"4":{"start":{"line":22,"column":6},"end":{"line":23,"column":70}},"5":{"start":{"line":23,"column":8},"end":{"line":23,"column":70}},"6":{"start":{"line":25,"column":6},"end":{"line":26,"column":58}},"7":{"start":{"line":26,"column":8},"end":{"line":26,"column":58}},"8":{"start":{"line":27,"column":6},"end":{"line":28,"column":58}},"9":{"start":{"line":28,"column":8},"end":{"line":28,"column":58}},"10":{"start":{"line":30,"column":4},"end":{"line":30,"column":19}},"11":{"start":{"line":34,"column":4},"end":{"line":43,"column":6}},"12":{"start":{"line":62,"column":2},"end":{"line":62,"column":74}},"13":{"start":{"line":62,"column":26},"end":{"line":62,"column":74}},"14":{"start":{"line":64,"column":16},"end":{"line":64,"column":31}},"15":{"start":{"line":66,"column":22},"end":{"line":68,"column":4}},"16":{"start":{"line":67,"column":4},"end":{"line":67,"column":41}},"17":{"start":{"line":70,"column":44},"end":{"line":88,"column":6}},"18":{"start":{"line":77,"column":22},"end":{"line":86,"column":12}},"19":{"start":{"line":80,"column":8},"end":{"line":83,"column":null}},"20":{"start":{"line":82,"column":10},"end":{"line":82,"column":34}},"21":{"start":{"line":85,"column":8},"end":{"line":85,"column":19}},"22":{"start":{"line":87,"column":6},"end":{"line":87,"column":43}},"23":{"start":{"line":91,"column":2},"end":{"line":91,"column":19}},"24":{"start":{"line":57,"column":0},"end":{"line":57,"column":null}}},"fnMap":{"0":{"name":"setupRules","decl":{"start":{"line":14,"column":9},"end":{"line":14,"column":19}},"loc":{"start":{"line":14,"column":47},"end":{"line":45,"column":1}}},"1":{"name":"(anonymous_1)","decl":{"start":{"line":18,"column":16},"end":{"line":18,"column":17}},"loc":{"start":{"line":18,"column":25},"end":{"line":29,"column":5}}},"2":{"name":"default_1","decl":{"start":{"line":57,"column":0},"end":{"line":57,"column":null}},"loc":{"start":{"line":59,"column":25},"end":{"line":92,"column":1}}},"3":{"name":"(anonymous_3)","decl":{"start":{"line":66,"column":33},"end":{"line":66,"column":34}},"loc":{"start":{"line":66,"column":42},"end":{"line":68,"column":3}}},"4":{"name":"(anonymous_4)","decl":{"start":{"line":74,"column":9},"end":{"line":74,"column":10}},"loc":{"start":{"line":74,"column":24},"end":{"line":88,"column":5}}},"5":{"name":"(anonymous_5)","decl":{"start":{"line":77,"column":41},"end":{"line":77,"column":42}},"loc":{"start":{"line":77,"column":55},"end":{"line":86,"column":7}}}},"branchMap":{"0":{"loc":{"start":{"line":16,"column":2},"end":{"line":44,"column":null}},"type":"if","locations":[{"start":{"line":16,"column":2},"end":{"line":44,"column":null}},{"start":{"line":33,"column":7},"end":{"line":44,"column":null}}]},"1":{"loc":{"start":{"line":20,"column":6},"end":{"line":21,"column":70}},"type":"if","locations":[{"start":{"line":20,"column":6},"end":{"line":21,"column":70}}]},"2":{"loc":{"start":{"line":22,"column":6},"end":{"line":23,"column":70}},"type":"if","locations":[{"start":{"line":22,"column":6},"end":{"line":23,"column":70}}]},"3":{"loc":{"start":{"line":25,"column":6},"end":{"line":26,"column":58}},"type":"if","locations":[{"start":{"line":25,"column":6},"end":{"line":26,"column":58}}]},"4":{"loc":{"start":{"line":27,"column":6},"end":{"line":28,"column":58}},"type":"if","locations":[{"start":{"line":27,"column":6},"end":{"line":28,"column":58}}]},"5":{"loc":{"start":{"line":58,"column":2},"end":{"line":58,"column":19}},"type":"default-arg","locations":[{"start":{"line":58,"column":16},"end":{"line":58,"column":19}}]},"6":{"loc":{"start":{"line":62,"column":2},"end":{"line":62,"column":74}},"type":"if","locations":[{"start":{"line":62,"column":2},"end":{"line":62,"column":74}}]},"7":{"loc":{"start":{"line":80,"column":8},"end":{"line":83,"column":null}},"type":"if","locations":[{"start":{"line":80,"column":8},"end":{"line":83,"column":null}}]},"8":{"loc":{"start":{"line":87,"column":13},"end":{"line":87,"column":42}},"type":"cond-expr","locations":[{"start":{"line":87,"column":23},"end":{"line":87,"column":30}},{"start":{"line":87,"column":33},"end":{"line":87,"column":42}}]}},"s":{"0":10,"1":6,"2":8,"3":1,"4":7,"5":1,"6":6,"7":1,"8":5,"9":1,"10":2,"11":4,"12":11,"13":1,"14":10,"15":6,"16":6,"17":6,"18":1000400,"19":2000800,"20":533535,"21":2000800,"22":1000400,"23":6,"24":1},"f":{"0":10,"1":8,"2":11,"3":6,"4":1000400,"5":2000800},"b":{"0":[6,4],"1":[1],"2":[1],"3":[1],"4":[1],"5":[2],"6":[1],"7":[533535],"8":[466846,533554]}}
,"/Users/cmb3/Documents/Code Kata/fizzBuzz/src/fizzBuzzDp.ts": {"path":"/Users/cmb3/Documents/Code Kata/fizzBuzz/src/fizzBuzzDp.ts","statementMap":{"0":{"start":{"line":18,"column":4},"end":{"line":19,"column":65}},"1":{"start":{"line":19,"column":6},"end":{"line":19,"column":65}},"2":{"start":{"line":20,"column":4},"end":{"line":21,"column":62}},"3":{"start":{"line":21,"column":6},"end":{"line":21,"column":62}},"4":{"start":{"line":22,"column":4},"end":{"line":23,"column":68}},"5":{"start":{"line":23,"column":6},"end":{"line":23,"column":68}},"6":{"start":{"line":25,"column":4},"end":{"line":26,"column":53}},"7":{"start":{"line":26,"column":6},"end":{"line":26,"column":53}},"8":{"start":{"line":27,"column":4},"end":{"line":27,"column":74}},"9":{"start":{"line":27,"column":28},"end":{"line":27,"column":74}},"10":{"start":{"line":28,"column":4},"end":{"line":29,"column":56}},"11":{"start":{"line":29,"column":6},"end":{"line":29,"column":56}},"12":{"start":{"line":31,"column":4},"end":{"line":31,"column":35}},"13":{"start":{"line":32,"column":4},"end":{"line":32,"column":29}},"14":{"start":{"line":33,"column":4},"end":{"line":33,"column":41}},"15":{"start":{"line":36,"column":26},"end":{"line":39,"column":6}},"16":{"start":{"line":37,"column":37},"end":{"line":37,"column":48}},"17":{"start":{"line":40,"column":4},"end":{"line":43,"column":6}},"18":{"start":{"line":12,"column":0},"end":{"line":12,"column":13}},"19":{"start":{"line":53,"column":4},"end":{"line":53,"column":23}},"20":{"start":{"line":60,"column":46},"end":{"line":71,"column":8}},"21":{"start":{"line":63,"column":24},"end":{"line":69,"column":14}},"22":{"start":{"line":66,"column":10},"end":{"line":66,"column":61}},"23":{"start":{"line":66,"column":37},"end":{"line":66,"column":61}},"24":{"start":{"line":68,"column":10},"end":{"line":68,"column":21}},"25":{"start":{"line":70,"column":8},"end":{"line":70,"column":45}},"26":{"start":{"line":72,"column":4},"end":{"line":72,"column":21}},"27":{"start":{"line":49,"column":0},"end":{"line":49,"column":13}},"28":{"start":{"line":80,"column":24},"end":{"line":91,"column":2}},"29":{"start":{"line":96,"column":4},"end":{"line":96,"column":29}},"30":{"start":{"line":101,"column":4},"end":{"line":101,"column":76}},"31":{"start":{"line":101,"column":28},"end":{"line":101,"column":76}},"32":{"start":{"line":102,"column":4},"end":{"line":102,"column":42}},"33":{"start":{"line":93,"column":0},"end":{"line":93,"column":13}}},"fnMap":{"0":{"name":"(anonymous_0)","decl":{"start":{"line":16,"column":2},"end":{"line":16,"column":14}},"loc":{"start":{"line":16,"column":30},"end":{"line":34,"column":3}}},"1":{"name":"(anonymous_1)","decl":{"start":{"line":35,"column":2},"end":{"line":35,"column":7}},"loc":{"start":{"line":35,"column":19},"end":{"line":44,"column":3}}},"2":{"name":"(anonymous_2)","decl":{"start":{"line":37,"column":11},"end":{"line":37,"column":12}},"loc":{"start":{"line":37,"column":37},"end":{"line":37,"column":48}}},"3":{"name":"(anonymous_3)","decl":{"start":{"line":51,"column":2},"end":{"line":51,"column":14}},"loc":{"start":{"line":51,"column":32},"end":{"line":54,"column":3}}},"4":{"name":"(anonymous_4)","decl":{"start":{"line":59,"column":2},"end":{"line":59,"column":5}},"loc":{"start":{"line":59,"column":25},"end":{"line":73,"column":3}}},"5":{"name":"(anonymous_5)","decl":{"start":{"line":62,"column":11},"end":{"line":62,"column":12}},"loc":{"start":{"line":62,"column":26},"end":{"line":71,"column":7}}},"6":{"name":"(anonymous_6)","decl":{"start":{"line":63,"column":42},"end":{"line":63,"column":43}},"loc":{"start":{"line":63,"column":56},"end":{"line":69,"column":9}}},"7":{"name":"(anonymous_7)","decl":{"start":{"line":95,"column":2},"end":{"line":95,"column":14}},"loc":{"start":{"line":95,"column":50},"end":{"line":97,"column":3}}},"8":{"name":"(anonymous_8)","decl":{"start":{"line":99,"column":2},"end":{"line":99,"column":10}},"loc":{"start":{"line":99,"column":28},"end":{"line":103,"column":3}}}},"branchMap":{"0":{"loc":{"start":{"line":18,"column":4},"end":{"line":19,"column":65}},"type":"if","locations":[{"start":{"line":18,"column":4},"end":{"line":19,"column":65}}]},"1":{"loc":{"start":{"line":20,"column":4},"end":{"line":21,"column":62}},"type":"if","locations":[{"start":{"line":20,"column":4},"end":{"line":21,"column":62}}]},"2":{"loc":{"start":{"line":22,"column":4},"end":{"line":23,"column":68}},"type":"if","locations":[{"start":{"line":22,"column":4},"end":{"line":23,"column":68}}]},"3":{"loc":{"start":{"line":25,"column":4},"end":{"line":26,"column":53}},"type":"if","locations":[{"start":{"line":25,"column":4},"end":{"line":26,"column":53}}]},"4":{"loc":{"start":{"line":27,"column":4},"end":{"line":27,"column":74}},"type":"if","locations":[{"start":{"line":27,"column":4},"end":{"line":27,"column":74}}]},"5":{"loc":{"start":{"line":28,"column":4},"end":{"line":29,"column":56}},"type":"if","locations":[{"start":{"line":28,"column":4},"end":{"line":29,"column":56}}]},"6":{"loc":{"start":{"line":66,"column":10},"end":{"line":66,"column":61}},"type":"if","locations":[{"start":{"line":66,"column":10},"end":{"line":66,"column":61}}]},"7":{"loc":{"start":{"line":70,"column":15},"end":{"line":70,"column":44}},"type":"cond-expr","locations":[{"start":{"line":70,"column":25},"end":{"line":70,"column":32}},{"start":{"line":70,"column":35},"end":{"line":70,"column":44}}]},"8":{"loc":{"start":{"line":95,"column":14},"end":{"line":95,"column":50}},"type":"default-arg","locations":[{"start":{"line":95,"column":35},"end":{"line":95,"column":50}}]},"9":{"loc":{"start":{"line":99,"column":11},"end":{"line":99,"column":28}},"type":"default-arg","locations":[{"start":{"line":99,"column":25},"end":{"line":99,"column":28}}]},"10":{"loc":{"start":{"line":101,"column":4},"end":{"line":101,"column":76}},"type":"if","locations":[{"start":{"line":101,"column":4},"end":{"line":101,"column":76}}]}},"s":{"0":12,"1":1,"2":11,"3":1,"4":10,"5":1,"6":9,"7":1,"8":8,"9":1,"10":7,"11":1,"12":6,"13":6,"14":6,"15":900,"16":900,"17":900,"18":1,"19":3,"20":5,"21":450,"22":900,"23":220,"24":900,"25":450,"26":5,"27":1,"28":1,"29":6,"30":6,"31":1,"32":5,"33":1},"f":{"0":12,"1":900,"2":900,"3":3,"4":5,"5":450,"6":900,"7":6,"8":6},"b":{"0":[1],"1":[1],"2":[1],"3":[1],"4":[1],"5":[1],"6":[220],"7":[194,256],"8":[4],"9":[1],"10":[1]}}
}
