{"/Users/cmb3/Documents/Code Kata/fizzBuzz/src/fizzBuzz/fizzBuzz.ts": {"path":"/Users/cmb3/Documents/Code Kata/fizzBuzz/src/fizzBuzz/fizzBuzz.ts","statementMap":{"0":{"start":{"line":16,"column":2},"end":{"line":44,"column":null}},"1":{"start":{"line":18,"column":4},"end":{"line":29,"column":7}},"2":{"start":{"line":20,"column":6},"end":{"line":21,"column":70}},"3":{"start":{"line":21,"column":8},"end":{"line":21,"column":70}},"4":{"start":{"line":22,"column":6},"end":{"line":23,"column":70}},"5":{"start":{"line":23,"column":8},"end":{"line":23,"column":70}},"6":{"start":{"line":25,"column":6},"end":{"line":26,"column":58}},"7":{"start":{"line":26,"column":8},"end":{"line":26,"column":58}},"8":{"start":{"line":27,"column":6},"end":{"line":28,"column":58}},"9":{"start":{"line":28,"column":8},"end":{"line":28,"column":58}},"10":{"start":{"line":30,"column":4},"end":{"line":30,"column":19}},"11":{"start":{"line":34,"column":4},"end":{"line":43,"column":6}},"12":{"start":{"line":62,"column":2},"end":{"line":62,"column":74}},"13":{"start":{"line":62,"column":26},"end":{"line":62,"column":74}},"14":{"start":{"line":64,"column":16},"end":{"line":64,"column":31}},"15":{"start":{"line":66,"column":22},"end":{"line":68,"column":4}},"16":{"start":{"line":67,"column":4},"end":{"line":67,"column":41}},"17":{"start":{"line":70,"column":44},"end":{"line":88,"column":6}},"18":{"start":{"line":77,"column":22},"end":{"line":86,"column":12}},"19":{"start":{"line":80,"column":8},"end":{"line":83,"column":null}},"20":{"start":{"line":82,"column":10},"end":{"line":82,"column":34}},"21":{"start":{"line":85,"column":8},"end":{"line":85,"column":19}},"22":{"start":{"line":87,"column":6},"end":{"line":87,"column":43}},"23":{"start":{"line":91,"column":2},"end":{"line":91,"column":19}},"24":{"start":{"line":57,"column":0},"end":{"line":57,"column":null}}},"fnMap":{"0":{"name":"setupRules","decl":{"start":{"line":14,"column":9},"end":{"line":14,"column":19}},"loc":{"start":{"line":14,"column":47},"end":{"line":45,"column":1}}},"1":{"name":"(anonymous_1)","decl":{"start":{"line":18,"column":16},"end":{"line":18,"column":17}},"loc":{"start":{"line":18,"column":25},"end":{"line":29,"column":5}}},"2":{"name":"default_1","decl":{"start":{"line":57,"column":0},"end":{"line":57,"column":null}},"loc":{"start":{"line":59,"column":25},"end":{"line":92,"column":1}}},"3":{"name":"(anonymous_3)","decl":{"start":{"line":66,"column":33},"end":{"line":66,"column":34}},"loc":{"start":{"line":66,"column":42},"end":{"line":68,"column":3}}},"4":{"name":"(anonymous_4)","decl":{"start":{"line":74,"column":9},"end":{"line":74,"column":10}},"loc":{"start":{"line":74,"column":24},"end":{"line":88,"column":5}}},"5":{"name":"(anonymous_5)","decl":{"start":{"line":77,"column":41},"end":{"line":77,"column":42}},"loc":{"start":{"line":77,"column":55},"end":{"line":86,"column":7}}}},"branchMap":{"0":{"loc":{"start":{"line":16,"column":2},"end":{"line":44,"column":null}},"type":"if","locations":[{"start":{"line":16,"column":2},"end":{"line":44,"column":null}},{"start":{"line":33,"column":7},"end":{"line":44,"column":null}}]},"1":{"loc":{"start":{"line":20,"column":6},"end":{"line":21,"column":70}},"type":"if","locations":[{"start":{"line":20,"column":6},"end":{"line":21,"column":70}}]},"2":{"loc":{"start":{"line":22,"column":6},"end":{"line":23,"column":70}},"type":"if","locations":[{"start":{"line":22,"column":6},"end":{"line":23,"column":70}}]},"3":{"loc":{"start":{"line":25,"column":6},"end":{"line":26,"column":58}},"type":"if","locations":[{"start":{"line":25,"column":6},"end":{"line":26,"column":58}}]},"4":{"loc":{"start":{"line":27,"column":6},"end":{"line":28,"column":58}},"type":"if","locations":[{"start":{"line":27,"column":6},"end":{"line":28,"column":58}}]},"5":{"loc":{"start":{"line":58,"column":2},"end":{"line":58,"column":19}},"type":"default-arg","locations":[{"start":{"line":58,"column":16},"end":{"line":58,"column":19}}]},"6":{"loc":{"start":{"line":62,"column":2},"end":{"line":62,"column":74}},"type":"if","locations":[{"start":{"line":62,"column":2},"end":{"line":62,"column":74}}]},"7":{"loc":{"start":{"line":80,"column":8},"end":{"line":83,"column":null}},"type":"if","locations":[{"start":{"line":80,"column":8},"end":{"line":83,"column":null}}]},"8":{"loc":{"start":{"line":87,"column":13},"end":{"line":87,"column":42}},"type":"cond-expr","locations":[{"start":{"line":87,"column":23},"end":{"line":87,"column":30}},{"start":{"line":87,"column":33},"end":{"line":87,"column":42}}]}},"s":{"0":10,"1":6,"2":8,"3":1,"4":7,"5":1,"6":6,"7":1,"8":5,"9":1,"10":2,"11":4,"12":11,"13":1,"14":10,"15":6,"16":6,"17":6,"18":1000400,"19":2000800,"20":533535,"21":2000800,"22":1000400,"23":6,"24":1},"f":{"0":10,"1":8,"2":11,"3":6,"4":1000400,"5":2000800},"b":{"0":[6,4],"1":[1],"2":[1],"3":[1],"4":[1],"5":[2],"6":[1],"7":[533535],"8":[466846,533554]}}
,"/Users/cmb3/Documents/Code Kata/fizzBuzz/src/fizzBuzz/fizzBuzzDp.ts": {"path":"/Users/cmb3/Documents/Code Kata/fizzBuzz/src/fizzBuzz/fizzBuzzDp.ts","statementMap":{"0":{"start":{"line":22,"column":4},"end":{"line":23,"column":65}},"1":{"start":{"line":23,"column":6},"end":{"line":23,"column":65}},"2":{"start":{"line":24,"column":4},"end":{"line":25,"column":62}},"3":{"start":{"line":25,"column":6},"end":{"line":25,"column":62}},"4":{"start":{"line":26,"column":4},"end":{"line":27,"column":68}},"5":{"start":{"line":27,"column":6},"end":{"line":27,"column":68}},"6":{"start":{"line":29,"column":4},"end":{"line":30,"column":53}},"7":{"start":{"line":30,"column":6},"end":{"line":30,"column":53}},"8":{"start":{"line":31,"column":4},"end":{"line":31,"column":74}},"9":{"start":{"line":31,"column":28},"end":{"line":31,"column":74}},"10":{"start":{"line":32,"column":4},"end":{"line":33,"column":56}},"11":{"start":{"line":33,"column":6},"end":{"line":33,"column":56}},"12":{"start":{"line":35,"column":4},"end":{"line":35,"column":35}},"13":{"start":{"line":36,"column":4},"end":{"line":36,"column":29}},"14":{"start":{"line":37,"column":4},"end":{"line":37,"column":41}},"15":{"start":{"line":44,"column":26},"end":{"line":47,"column":6}},"16":{"start":{"line":45,"column":37},"end":{"line":45,"column":48}},"17":{"start":{"line":48,"column":4},"end":{"line":51,"column":6}},"18":{"start":{"line":12,"column":0},"end":{"line":12,"column":13}},"19":{"start":{"line":61,"column":4},"end":{"line":61,"column":23}},"20":{"start":{"line":69,"column":24},"end":{"line":71,"column":6}},"21":{"start":{"line":70,"column":6},"end":{"line":70,"column":31}},"22":{"start":{"line":72,"column":46},"end":{"line":83,"column":8}},"23":{"start":{"line":75,"column":24},"end":{"line":81,"column":14}},"24":{"start":{"line":78,"column":10},"end":{"line":78,"column":61}},"25":{"start":{"line":78,"column":37},"end":{"line":78,"column":61}},"26":{"start":{"line":80,"column":10},"end":{"line":80,"column":21}},"27":{"start":{"line":82,"column":8},"end":{"line":82,"column":45}},"28":{"start":{"line":84,"column":4},"end":{"line":84,"column":21}},"29":{"start":{"line":57,"column":0},"end":{"line":57,"column":13}},"30":{"start":{"line":91,"column":24},"end":{"line":102,"column":2}},"31":{"start":{"line":110,"column":4},"end":{"line":111,"column":68}},"32":{"start":{"line":111,"column":6},"end":{"line":111,"column":68}},"33":{"start":{"line":113,"column":4},"end":{"line":113,"column":29}},"34":{"start":{"line":121,"column":4},"end":{"line":121,"column":76}},"35":{"start":{"line":121,"column":28},"end":{"line":121,"column":76}},"36":{"start":{"line":122,"column":4},"end":{"line":122,"column":72}},"37":{"start":{"line":122,"column":27},"end":{"line":122,"column":72}},"38":{"start":{"line":123,"column":4},"end":{"line":123,"column":42}},"39":{"start":{"line":106,"column":0},"end":{"line":106,"column":13}}},"fnMap":{"0":{"name":"(anonymous_0)","decl":{"start":{"line":20,"column":2},"end":{"line":20,"column":14}},"loc":{"start":{"line":20,"column":30},"end":{"line":38,"column":3}}},"1":{"name":"(anonymous_1)","decl":{"start":{"line":43,"column":2},"end":{"line":43,"column":7}},"loc":{"start":{"line":43,"column":19},"end":{"line":52,"column":3}}},"2":{"name":"(anonymous_2)","decl":{"start":{"line":45,"column":11},"end":{"line":45,"column":12}},"loc":{"start":{"line":45,"column":37},"end":{"line":45,"column":48}}},"3":{"name":"(anonymous_3)","decl":{"start":{"line":59,"column":2},"end":{"line":59,"column":14}},"loc":{"start":{"line":59,"column":32},"end":{"line":62,"column":3}}},"4":{"name":"(anonymous_4)","decl":{"start":{"line":67,"column":2},"end":{"line":67,"column":5}},"loc":{"start":{"line":67,"column":25},"end":{"line":85,"column":3}}},"5":{"name":"(anonymous_5)","decl":{"start":{"line":69,"column":40},"end":{"line":69,"column":41}},"loc":{"start":{"line":69,"column":49},"end":{"line":71,"column":5}}},"6":{"name":"(anonymous_6)","decl":{"start":{"line":74,"column":11},"end":{"line":74,"column":12}},"loc":{"start":{"line":74,"column":26},"end":{"line":83,"column":7}}},"7":{"name":"(anonymous_7)","decl":{"start":{"line":75,"column":43},"end":{"line":75,"column":44}},"loc":{"start":{"line":75,"column":57},"end":{"line":81,"column":9}}},"8":{"name":"(anonymous_8)","decl":{"start":{"line":108,"column":2},"end":{"line":108,"column":14}},"loc":{"start":{"line":108,"column":50},"end":{"line":114,"column":3}}},"9":{"name":"(anonymous_9)","decl":{"start":{"line":119,"column":2},"end":{"line":119,"column":10}},"loc":{"start":{"line":119,"column":28},"end":{"line":124,"column":3}}}},"branchMap":{"0":{"loc":{"start":{"line":22,"column":4},"end":{"line":23,"column":65}},"type":"if","locations":[{"start":{"line":22,"column":4},"end":{"line":23,"column":65}}]},"1":{"loc":{"start":{"line":24,"column":4},"end":{"line":25,"column":62}},"type":"if","locations":[{"start":{"line":24,"column":4},"end":{"line":25,"column":62}}]},"2":{"loc":{"start":{"line":26,"column":4},"end":{"line":27,"column":68}},"type":"if","locations":[{"start":{"line":26,"column":4},"end":{"line":27,"column":68}}]},"3":{"loc":{"start":{"line":29,"column":4},"end":{"line":30,"column":53}},"type":"if","locations":[{"start":{"line":29,"column":4},"end":{"line":30,"column":53}}]},"4":{"loc":{"start":{"line":31,"column":4},"end":{"line":31,"column":74}},"type":"if","locations":[{"start":{"line":31,"column":4},"end":{"line":31,"column":74}}]},"5":{"loc":{"start":{"line":32,"column":4},"end":{"line":33,"column":56}},"type":"if","locations":[{"start":{"line":32,"column":4},"end":{"line":33,"column":56}}]},"6":{"loc":{"start":{"line":78,"column":10},"end":{"line":78,"column":61}},"type":"if","locations":[{"start":{"line":78,"column":10},"end":{"line":78,"column":61}}]},"7":{"loc":{"start":{"line":82,"column":15},"end":{"line":82,"column":44}},"type":"cond-expr","locations":[{"start":{"line":82,"column":25},"end":{"line":82,"column":32}},{"start":{"line":82,"column":35},"end":{"line":82,"column":44}}]},"8":{"loc":{"start":{"line":108,"column":14},"end":{"line":108,"column":50}},"type":"default-arg","locations":[{"start":{"line":108,"column":35},"end":{"line":108,"column":50}}]},"9":{"loc":{"start":{"line":110,"column":4},"end":{"line":111,"column":68}},"type":"if","locations":[{"start":{"line":110,"column":4},"end":{"line":111,"column":68}}]},"10":{"loc":{"start":{"line":119,"column":11},"end":{"line":119,"column":28}},"type":"default-arg","locations":[{"start":{"line":119,"column":25},"end":{"line":119,"column":28}}]},"11":{"loc":{"start":{"line":121,"column":4},"end":{"line":121,"column":76}},"type":"if","locations":[{"start":{"line":121,"column":4},"end":{"line":121,"column":76}}]},"12":{"loc":{"start":{"line":122,"column":4},"end":{"line":122,"column":72}},"type":"if","locations":[{"start":{"line":122,"column":4},"end":{"line":122,"column":72}}]}},"s":{"0":12,"1":1,"2":11,"3":1,"4":10,"5":1,"6":9,"7":1,"8":8,"9":1,"10":7,"11":1,"12":6,"13":6,"14":6,"15":2000900,"16":2000900,"17":2000900,"18":1,"19":3,"20":6,"21":6,"22":6,"23":1000450,"24":2000900,"25":533553,"26":2000900,"27":1000450,"28":6,"29":1,"30":1,"31":9,"32":1,"33":8,"34":8,"35":1,"36":7,"37":1,"38":6,"39":1},"f":{"0":12,"1":2000900,"2":2000900,"3":3,"4":6,"5":6,"6":1000450,"7":2000900,"8":9,"9":8},"b":{"0":[1],"1":[1],"2":[1],"3":[1],"4":[1],"5":[1],"6":[533553],"7":[466861,533589],"8":[6],"9":[1],"10":[1],"11":[1],"12":[1]}}
,"/Users/cmb3/Documents/Code Kata/fizzBuzz/src/harryPotter/basket/Basket.ts": {"path":"/Users/cmb3/Documents/Code Kata/fizzBuzz/src/harryPotter/basket/Basket.ts","statementMap":{"0":{"start":{"line":3,"column":0},"end":{"line":3,"column":79}},"1":{"start":{"line":15,"column":4},"end":{"line":15,"column":29}},"2":{"start":{"line":16,"column":4},"end":{"line":16,"column":20}},"3":{"start":{"line":23,"column":4},"end":{"line":23,"column":26}},"4":{"start":{"line":30,"column":4},"end":{"line":30,"column":64}},"5":{"start":{"line":30,"column":44},"end":{"line":30,"column":62}},"6":{"start":{"line":38,"column":18},"end":{"line":42,"column":9}},"7":{"start":{"line":39,"column":20},"end":{"line":39,"column":76}},"8":{"start":{"line":39,"column":46},"end":{"line":39,"column":74}},"9":{"start":{"line":40,"column":6},"end":{"line":40,"column":46}},"10":{"start":{"line":41,"column":6},"end":{"line":41,"column":17}},"11":{"start":{"line":44,"column":21},"end":{"line":46,"column":null}},"12":{"start":{"line":48,"column":4},"end":{"line":48,"column":28}},"13":{"start":{"line":7,"column":0},"end":{"line":7,"column":13}}},"fnMap":{"0":{"name":"(anonymous_0)","decl":{"start":{"line":14,"column":2},"end":{"line":14,"column":14}},"loc":{"start":{"line":14,"column":30},"end":{"line":17,"column":3}}},"1":{"name":"(anonymous_1)","decl":{"start":{"line":22,"column":2},"end":{"line":22,"column":9}},"loc":{"start":{"line":22,"column":23},"end":{"line":24,"column":3}}},"2":{"name":"(anonymous_2)","decl":{"start":{"line":29,"column":2},"end":{"line":29,"column":12}},"loc":{"start":{"line":29,"column":26},"end":{"line":31,"column":3}}},"3":{"name":"(anonymous_3)","decl":{"start":{"line":30,"column":35},"end":{"line":30,"column":36}},"loc":{"start":{"line":30,"column":44},"end":{"line":30,"column":62}}},"4":{"name":"(anonymous_4)","decl":{"start":{"line":36,"column":2},"end":{"line":36,"column":16}},"loc":{"start":{"line":36,"column":16},"end":{"line":49,"column":3}}},"5":{"name":"(anonymous_5)","decl":{"start":{"line":38,"column":36},"end":{"line":38,"column":37}},"loc":{"start":{"line":38,"column":50},"end":{"line":42,"column":5}}},"6":{"name":"(anonymous_6)","decl":{"start":{"line":39,"column":36},"end":{"line":39,"column":37}},"loc":{"start":{"line":39,"column":46},"end":{"line":39,"column":74}}}},"branchMap":{"0":{"loc":{"start":{"line":14,"column":14},"end":{"line":14,"column":30}},"type":"default-arg","locations":[{"start":{"line":14,"column":25},"end":{"line":14,"column":30}}]},"1":{"loc":{"start":{"line":40,"column":13},"end":{"line":40,"column":45}},"type":"cond-expr","locations":[{"start":{"line":40,"column":29},"end":{"line":40,"column":41}},{"start":{"line":40,"column":44},"end":{"line":40,"column":45}}]}},"s":{"0":1,"1":13,"2":13,"3":70,"4":0,"5":0,"6":13,"7":70,"8":70,"9":70,"10":70,"11":13,"12":13,"13":1},"f":{"0":13,"1":70,"2":0,"3":0,"4":13,"5":70,"6":70},"b":{"0":[13],"1":[70,0]}}
,"/Users/cmb3/Documents/Code Kata/fizzBuzz/src/harryPotter/productManagement/Book.ts": {"path":"/Users/cmb3/Documents/Code Kata/fizzBuzz/src/harryPotter/productManagement/Book.ts","statementMap":{"0":{"start":{"line":2,"column":0},"end":{"line":2,"column":43}},"1":{"start":{"line":21,"column":4},"end":{"line":21,"column":21}},"2":{"start":{"line":22,"column":4},"end":{"line":22,"column":23}},"3":{"start":{"line":29,"column":4},"end":{"line":29,"column":28}},"4":{"start":{"line":12,"column":0},"end":{"line":12,"column":13}}},"fnMap":{"0":{"name":"(anonymous_0)","decl":{"start":{"line":20,"column":2},"end":{"line":20,"column":14}},"loc":{"start":{"line":20,"column":64},"end":{"line":23,"column":3}}},"1":{"name":"(anonymous_1)","decl":{"start":{"line":28,"column":2},"end":{"line":28,"column":6}},"loc":{"start":{"line":28,"column":11},"end":{"line":30,"column":3}}}},"branchMap":{},"s":{"0":1,"1":8,"2":8,"3":0,"4":1},"f":{"0":8,"1":0},"b":{}}
,"/Users/cmb3/Documents/Code Kata/fizzBuzz/src/harryPotter/productManagement/Product.ts": {"path":"/Users/cmb3/Documents/Code Kata/fizzBuzz/src/harryPotter/productManagement/Product.ts","statementMap":{"0":{"start":{"line":2,"column":0},"end":{"line":2,"column":34}},"1":{"start":{"line":22,"column":4},"end":{"line":22,"column":27}},"2":{"start":{"line":23,"column":4},"end":{"line":23,"column":23}},"3":{"start":{"line":13,"column":0},"end":{"line":13,"column":22}}},"fnMap":{"0":{"name":"(anonymous_0)","decl":{"start":{"line":21,"column":2},"end":{"line":21,"column":14}},"loc":{"start":{"line":21,"column":46},"end":{"line":24,"column":3}}}},"branchMap":{"0":{"loc":{"start":{"line":22,"column":14},"end":{"line":22,"column":26}},"type":"binary-expr","locations":[{"start":{"line":22,"column":14},"end":{"line":22,"column":16}},{"start":{"line":22,"column":20},"end":{"line":22,"column":26}}]}},"s":{"0":1,"1":8,"2":8,"3":1},"f":{"0":8},"b":{"0":[8,0]}}
,"/Users/cmb3/Documents/Code Kata/fizzBuzz/src/harryPotter/productManagement/productData.ts": {"path":"/Users/cmb3/Documents/Code Kata/fizzBuzz/src/harryPotter/productManagement/productData.ts","statementMap":{"0":{"start":{"line":1,"column":0},"end":{"line":1,"column":30}},"1":{"start":{"line":4,"column":13},"end":{"line":8,"column":2}},"2":{"start":{"line":9,"column":13},"end":{"line":13,"column":2}},"3":{"start":{"line":14,"column":13},"end":{"line":18,"column":2}},"4":{"start":{"line":19,"column":13},"end":{"line":23,"column":2}},"5":{"start":{"line":24,"column":13},"end":{"line":28,"column":2}},"6":{"start":{"line":29,"column":13},"end":{"line":33,"column":2}},"7":{"start":{"line":34,"column":13},"end":{"line":38,"column":2}},"8":{"start":{"line":39,"column":13},"end":{"line":43,"column":2}},"9":{"start":{"line":45,"column":13},"end":{"line":53,"column":2}}},"fnMap":{},"branchMap":{},"s":{"0":1,"1":1,"2":1,"3":1,"4":1,"5":1,"6":1,"7":1,"8":1,"9":1},"f":{},"b":{}}
,"/Users/cmb3/Documents/Code Kata/fizzBuzz/src/harryPotter/promotionManagement/BuyFiveHarryPotterBooksSave25Percent.ts": {"path":"/Users/cmb3/Documents/Code Kata/fizzBuzz/src/harryPotter/promotionManagement/BuyFiveHarryPotterBooksSave25Percent.ts","statementMap":{"0":{"start":{"line":2,"column":0},"end":{"line":2,"column":40}},"1":{"start":{"line":3,"column":0},"end":{"line":3,"column":58}},"2":{"start":{"line":9,"column":4},"end":{"line":9,"column":12}},"3":{"start":{"line":10,"column":4},"end":{"line":10,"column":49}},"4":{"start":{"line":11,"column":4},"end":{"line":11,"column":25}},"5":{"start":{"line":12,"column":4},"end":{"line":12,"column":36}},"6":{"start":{"line":13,"column":4},"end":{"line":13,"column":45}},"7":{"start":{"line":7,"column":0},"end":{"line":7,"column":13}}},"fnMap":{"0":{"name":"(anonymous_0)","decl":{"start":{"line":8,"column":2},"end":{"line":8,"column":null}},"loc":{"start":{"line":8,"column":2},"end":{"line":14,"column":3}}}},"branchMap":{},"s":{"0":1,"1":1,"2":41,"3":41,"4":41,"5":41,"6":41,"7":1},"f":{"0":41},"b":{}}
,"/Users/cmb3/Documents/Code Kata/fizzBuzz/src/harryPotter/promotionManagement/BuyFourHarryPotterBooksSave20Percent.ts": {"path":"/Users/cmb3/Documents/Code Kata/fizzBuzz/src/harryPotter/promotionManagement/BuyFourHarryPotterBooksSave20Percent.ts","statementMap":{"0":{"start":{"line":2,"column":0},"end":{"line":2,"column":40}},"1":{"start":{"line":3,"column":0},"end":{"line":3,"column":58}},"2":{"start":{"line":9,"column":4},"end":{"line":9,"column":12}},"3":{"start":{"line":10,"column":4},"end":{"line":10,"column":49}},"4":{"start":{"line":11,"column":4},"end":{"line":11,"column":24}},"5":{"start":{"line":12,"column":4},"end":{"line":12,"column":36}},"6":{"start":{"line":13,"column":4},"end":{"line":13,"column":45}},"7":{"start":{"line":7,"column":0},"end":{"line":7,"column":13}}},"fnMap":{"0":{"name":"(anonymous_0)","decl":{"start":{"line":8,"column":2},"end":{"line":8,"column":null}},"loc":{"start":{"line":8,"column":2},"end":{"line":14,"column":3}}}},"branchMap":{},"s":{"0":1,"1":1,"2":41,"3":41,"4":41,"5":41,"6":41,"7":1},"f":{"0":41},"b":{}}
,"/Users/cmb3/Documents/Code Kata/fizzBuzz/src/harryPotter/promotionManagement/BuyThreeHarryPotterBooksSave10Percent.ts": {"path":"/Users/cmb3/Documents/Code Kata/fizzBuzz/src/harryPotter/promotionManagement/BuyThreeHarryPotterBooksSave10Percent.ts","statementMap":{"0":{"start":{"line":2,"column":0},"end":{"line":2,"column":40}},"1":{"start":{"line":3,"column":0},"end":{"line":3,"column":58}},"2":{"start":{"line":9,"column":4},"end":{"line":9,"column":12}},"3":{"start":{"line":10,"column":4},"end":{"line":10,"column":49}},"4":{"start":{"line":11,"column":4},"end":{"line":11,"column":24}},"5":{"start":{"line":12,"column":4},"end":{"line":12,"column":36}},"6":{"start":{"line":13,"column":4},"end":{"line":13,"column":45}},"7":{"start":{"line":7,"column":0},"end":{"line":7,"column":13}}},"fnMap":{"0":{"name":"(anonymous_0)","decl":{"start":{"line":8,"column":2},"end":{"line":8,"column":null}},"loc":{"start":{"line":8,"column":2},"end":{"line":14,"column":3}}}},"branchMap":{},"s":{"0":1,"1":1,"2":41,"3":41,"4":41,"5":41,"6":41,"7":1},"f":{"0":41},"b":{}}
,"/Users/cmb3/Documents/Code Kata/fizzBuzz/src/harryPotter/promotionManagement/BuyTwoHarryPotterBooksSave5Percent.ts": {"path":"/Users/cmb3/Documents/Code Kata/fizzBuzz/src/harryPotter/promotionManagement/BuyTwoHarryPotterBooksSave5Percent.ts","statementMap":{"0":{"start":{"line":2,"column":0},"end":{"line":2,"column":40}},"1":{"start":{"line":3,"column":0},"end":{"line":3,"column":58}},"2":{"start":{"line":9,"column":4},"end":{"line":9,"column":12}},"3":{"start":{"line":10,"column":4},"end":{"line":10,"column":49}},"4":{"start":{"line":11,"column":4},"end":{"line":11,"column":25}},"5":{"start":{"line":12,"column":4},"end":{"line":12,"column":36}},"6":{"start":{"line":13,"column":4},"end":{"line":13,"column":45}},"7":{"start":{"line":7,"column":0},"end":{"line":7,"column":13}}},"fnMap":{"0":{"name":"(anonymous_0)","decl":{"start":{"line":8,"column":2},"end":{"line":8,"column":null}},"loc":{"start":{"line":8,"column":2},"end":{"line":14,"column":3}}}},"branchMap":{},"s":{"0":1,"1":1,"2":41,"3":41,"4":41,"5":41,"6":41,"7":1},"f":{"0":41},"b":{}}
,"/Users/cmb3/Documents/Code Kata/fizzBuzz/src/harryPotter/promotionManagement/Promotion.ts": {"path":"/Users/cmb3/Documents/Code Kata/fizzBuzz/src/harryPotter/promotionManagement/Promotion.ts","statementMap":{"0":{"start":{"line":16,"column":4},"end":{"line":16,"column":78}},"1":{"start":{"line":31,"column":46},"end":{"line":42,"column":14}},"2":{"start":{"line":33,"column":10},"end":{"line":34,"column":26}},"3":{"start":{"line":33,"column":46},"end":{"line":33,"column":68}},"4":{"start":{"line":34,"column":15},"end":{"line":34,"column":26}},"5":{"start":{"line":37,"column":10},"end":{"line":41,"column":26}},"6":{"start":{"line":38,"column":12},"end":{"line":40,"column":31}},"7":{"start":{"line":38,"column":46},"end":{"line":38,"column":64}},"8":{"start":{"line":41,"column":15},"end":{"line":41,"column":26}},"9":{"start":{"line":44,"column":41},"end":{"line":50,"column":6}},"10":{"start":{"line":45,"column":21},"end":{"line":45,"column":69}},"11":{"start":{"line":45,"column":44},"end":{"line":45,"column":67}},"12":{"start":{"line":46,"column":21},"end":{"line":46,"column":69}},"13":{"start":{"line":46,"column":44},"end":{"line":46,"column":67}},"14":{"start":{"line":47,"column":6},"end":{"line":48,"column":48}},"15":{"start":{"line":48,"column":8},"end":{"line":48,"column":48}},"16":{"start":{"line":49,"column":6},"end":{"line":49,"column":43}},"17":{"start":{"line":51,"column":4},"end":{"line":51,"column":40}},"18":{"start":{"line":63,"column":21},"end":{"line":67,"column":9}},"19":{"start":{"line":64,"column":20},"end":{"line":64,"column":71}},"20":{"start":{"line":64,"column":46},"end":{"line":64,"column":69}},"21":{"start":{"line":65,"column":6},"end":{"line":65,"column":54}},"22":{"start":{"line":66,"column":6},"end":{"line":66,"column":17}},"23":{"start":{"line":68,"column":4},"end":{"line":68,"column":20}},"24":{"start":{"line":6,"column":0},"end":{"line":6,"column":22}}},"fnMap":{"0":{"name":"(anonymous_0)","decl":{"start":{"line":15,"column":2},"end":{"line":15,"column":21}},"loc":{"start":{"line":15,"column":38},"end":{"line":17,"column":3}}},"1":{"name":"(anonymous_1)","decl":{"start":{"line":26,"column":2},"end":{"line":26,"column":22}},"loc":{"start":{"line":28,"column":20},"end":{"line":52,"column":3}}},"2":{"name":"(anonymous_2)","decl":{"start":{"line":32,"column":21},"end":{"line":32,"column":22}},"loc":{"start":{"line":32,"column":60},"end":{"line":35,"column":9}}},"3":{"name":"(anonymous_3)","decl":{"start":{"line":36,"column":21},"end":{"line":36,"column":22}},"loc":{"start":{"line":36,"column":60},"end":{"line":42,"column":9}}},"4":{"name":"(anonymous_4)","decl":{"start":{"line":38,"column":28},"end":{"line":38,"column":29}},"loc":{"start":{"line":38,"column":46},"end":{"line":38,"column":64}}},"5":{"name":"(anonymous_5)","decl":{"start":{"line":44,"column":64},"end":{"line":44,"column":65}},"loc":{"start":{"line":44,"column":73},"end":{"line":50,"column":5}}},"6":{"name":"(anonymous_6)","decl":{"start":{"line":45,"column":34},"end":{"line":45,"column":35}},"loc":{"start":{"line":45,"column":44},"end":{"line":45,"column":67}}},"7":{"name":"(anonymous_7)","decl":{"start":{"line":46,"column":34},"end":{"line":46,"column":35}},"loc":{"start":{"line":46,"column":44},"end":{"line":46,"column":67}}},"8":{"name":"(anonymous_8)","decl":{"start":{"line":59,"column":2},"end":{"line":59,"column":19}},"loc":{"start":{"line":61,"column":20},"end":{"line":69,"column":3}}},"9":{"name":"(anonymous_9)","decl":{"start":{"line":63,"column":46},"end":{"line":63,"column":47}},"loc":{"start":{"line":63,"column":60},"end":{"line":67,"column":5}}},"10":{"name":"(anonymous_10)","decl":{"start":{"line":64,"column":36},"end":{"line":64,"column":37}},"loc":{"start":{"line":64,"column":46},"end":{"line":64,"column":69}}}},"branchMap":{"0":{"loc":{"start":{"line":31,"column":46},"end":{"line":42,"column":14}},"type":"cond-expr","locations":[{"start":{"line":32,"column":8},"end":{"line":35,"column":14}},{"start":{"line":36,"column":8},"end":{"line":42,"column":14}}]},"1":{"loc":{"start":{"line":33,"column":10},"end":{"line":34,"column":26}},"type":"if","locations":[{"start":{"line":33,"column":10},"end":{"line":34,"column":26}},{"start":{"line":34,"column":15},"end":{"line":34,"column":26}}]},"2":{"loc":{"start":{"line":37,"column":10},"end":{"line":41,"column":26}},"type":"if","locations":[{"start":{"line":37,"column":10},"end":{"line":41,"column":26}},{"start":{"line":41,"column":15},"end":{"line":41,"column":26}}]},"3":{"loc":{"start":{"line":38,"column":19},"end":{"line":40,"column":30}},"type":"cond-expr","locations":[{"start":{"line":39,"column":16},"end":{"line":39,"column":19}},{"start":{"line":40,"column":16},"end":{"line":40,"column":30}}]},"4":{"loc":{"start":{"line":47,"column":6},"end":{"line":48,"column":48}},"type":"if","locations":[{"start":{"line":47,"column":6},"end":{"line":48,"column":48}}]},"5":{"loc":{"start":{"line":47,"column":10},"end":{"line":47,"column":54}},"type":"binary-expr","locations":[{"start":{"line":47,"column":10},"end":{"line":47,"column":30}},{"start":{"line":47,"column":34},"end":{"line":47,"column":54}}]},"6":{"loc":{"start":{"line":65,"column":13},"end":{"line":65,"column":53}},"type":"cond-expr","locations":[{"start":{"line":65,"column":21},"end":{"line":65,"column":49}},{"start":{"line":65,"column":52},"end":{"line":65,"column":53}}]}},"s":{"0":444,"1":164,"2":0,"3":0,"4":0,"5":444,"6":440,"7":736,"8":4,"9":164,"10":188,"11":188,"12":188,"13":188,"14":188,"15":0,"16":188,"17":164,"18":46,"19":149,"20":149,"21":149,"22":149,"23":46,"24":1},"f":{"0":444,"1":164,"2":0,"3":444,"4":736,"5":188,"6":188,"7":188,"8":46,"9":149,"10":149},"b":{"0":[0,164],"1":[0,0],"2":[440,4],"3":[88,352],"4":[0],"5":[188,188],"6":[149,0]}}
,"/Users/cmb3/Documents/Code Kata/fizzBuzz/src/harryPotter/promotionManagement/PromotionOptimiser.ts": {"path":"/Users/cmb3/Documents/Code Kata/fizzBuzz/src/harryPotter/promotionManagement/PromotionOptimiser.ts","statementMap":{"0":{"start":{"line":3,"column":0},"end":{"line":3,"column":96}},"1":{"start":{"line":4,"column":0},"end":{"line":4,"column":90}},"2":{"start":{"line":5,"column":0},"end":{"line":5,"column":94}},"3":{"start":{"line":6,"column":0},"end":{"line":6,"column":94}},"4":{"start":{"line":17,"column":4},"end":{"line":22,"column":6}},"5":{"start":{"line":33,"column":8},"end":{"line":36,"column":6}},"6":{"start":{"line":38,"column":4},"end":{"line":83,"column":7}},"7":{"start":{"line":39,"column":32},"end":{"line":39,"column":79}},"8":{"start":{"line":41,"column":6},"end":{"line":41,"column":66}},"9":{"start":{"line":41,"column":59},"end":{"line":41,"column":66}},"10":{"start":{"line":44,"column":8},"end":{"line":44,"column":67}},"11":{"start":{"line":46,"column":6},"end":{"line":82,"column":null}},"12":{"start":{"line":47,"column":25},"end":{"line":49,"column":null}},"13":{"start":{"line":51,"column":8},"end":{"line":55,"column":12}},"14":{"start":{"line":52,"column":10},"end":{"line":55,"column":12}},"15":{"start":{"line":60,"column":37},"end":{"line":62,"column":null}},"16":{"start":{"line":65,"column":32},"end":{"line":67,"column":null}},"17":{"start":{"line":70,"column":34},"end":{"line":70,"column":70}},"18":{"start":{"line":71,"column":34},"end":{"line":73,"column":null}},"19":{"start":{"line":76,"column":25},"end":{"line":76,"column":60}},"20":{"start":{"line":77,"column":8},"end":{"line":81,"column":12}},"21":{"start":{"line":78,"column":10},"end":{"line":81,"column":12}},"22":{"start":{"line":84,"column":4},"end":{"line":84,"column":31}},"23":{"start":{"line":11,"column":0},"end":{"line":11,"column":13}}},"fnMap":{"0":{"name":"(anonymous_0)","decl":{"start":{"line":16,"column":2},"end":{"line":16,"column":8}},"loc":{"start":{"line":16,"column":19},"end":{"line":23,"column":3}}},"1":{"name":"(anonymous_1)","decl":{"start":{"line":29,"column":2},"end":{"line":29,"column":8}},"loc":{"start":{"line":29,"column":64},"end":{"line":85,"column":3}}},"2":{"name":"(anonymous_2)","decl":{"start":{"line":38,"column":26},"end":{"line":38,"column":27}},"loc":{"start":{"line":38,"column":40},"end":{"line":83,"column":5}}}},"branchMap":{"0":{"loc":{"start":{"line":41,"column":6},"end":{"line":41,"column":66}},"type":"if","locations":[{"start":{"line":41,"column":6},"end":{"line":41,"column":66}}]},"1":{"loc":{"start":{"line":46,"column":6},"end":{"line":82,"column":null}},"type":"if","locations":[{"start":{"line":46,"column":6},"end":{"line":82,"column":null}},{"start":{"line":58,"column":11},"end":{"line":82,"column":null}}]},"2":{"loc":{"start":{"line":51,"column":8},"end":{"line":55,"column":12}},"type":"if","locations":[{"start":{"line":51,"column":8},"end":{"line":55,"column":12}}]},"3":{"loc":{"start":{"line":77,"column":8},"end":{"line":81,"column":12}},"type":"if","locations":[{"start":{"line":77,"column":8},"end":{"line":81,"column":12}}]}},"s":{"0":1,"1":1,"2":1,"3":1,"4":41,"5":41,"6":41,"7":164,"8":164,"9":118,"10":46,"11":46,"12":18,"13":18,"14":18,"15":28,"16":28,"17":28,"18":28,"19":28,"20":28,"21":22,"22":41,"23":1},"f":{"0":41,"1":41,"2":164},"b":{"0":[118],"1":[18,28],"2":[18],"3":[22]}}
,"/Users/cmb3/Documents/Code Kata/fizzBuzz/src/harryPotter/promotionManagement/qualifyingProducts.ts": {"path":"/Users/cmb3/Documents/Code Kata/fizzBuzz/src/harryPotter/promotionManagement/qualifyingProducts.ts","statementMap":{"0":{"start":{"line":2,"column":0},"end":{"line":2,"column":null}},"1":{"start":{"line":14,"column":13},"end":{"line":22,"column":2}}},"fnMap":{},"branchMap":{},"s":{"0":1,"1":1},"f":{},"b":{}}
}
