TN:
SF:src/fizzBuzz.ts
FN:14,setupRules
FN:18,(anonymous_1)
FN:57,default_1
FN:66,(anonymous_3)
FN:74,(anonymous_4)
FN:77,(anonymous_5)
FNF:6
FNH:6
FNDA:10,setupRules
FNDA:8,(anonymous_1)
FNDA:11,default_1
FNDA:6,(anonymous_3)
FNDA:1000400,(anonymous_4)
FNDA:2000800,(anonymous_5)
DA:16,10
DA:18,6
DA:20,8
DA:21,1
DA:22,7
DA:23,1
DA:25,6
DA:26,1
DA:27,5
DA:28,1
DA:30,2
DA:34,4
DA:57,1
DA:62,11
DA:64,10
DA:66,6
DA:67,6
DA:70,6
DA:77,1000400
DA:80,2000800
DA:82,533535
DA:85,2000800
DA:87,1000400
DA:91,6
LF:24
LH:24
BRDA:16,0,0,6
BRDA:16,0,1,4
BRDA:20,1,0,1
BRDA:22,2,0,1
BRDA:25,3,0,1
BRDA:27,4,0,1
BRDA:58,5,0,2
BRDA:62,6,0,1
BRDA:80,7,0,533535
BRDA:87,8,0,466846
BRDA:87,8,1,533554
BRF:11
BRH:11
end_of_record
TN:
SF:src/fizzBuzzDp.ts
FN:16,(anonymous_0)
FN:35,(anonymous_1)
FN:37,(anonymous_2)
FN:51,(anonymous_3)
FN:59,(anonymous_4)
FN:62,(anonymous_5)
FN:63,(anonymous_6)
FN:95,(anonymous_7)
FN:99,(anonymous_8)
FNF:9
FNH:9
FNDA:12,(anonymous_0)
FNDA:900,(anonymous_1)
FNDA:900,(anonymous_2)
FNDA:3,(anonymous_3)
FNDA:5,(anonymous_4)
FNDA:450,(anonymous_5)
FNDA:900,(anonymous_6)
FNDA:6,(anonymous_7)
FNDA:6,(anonymous_8)
DA:12,1
DA:18,12
DA:19,1
DA:20,11
DA:21,1
DA:22,10
DA:23,1
DA:25,9
DA:26,1
DA:27,8
DA:28,7
DA:29,1
DA:31,6
DA:32,6
DA:33,6
DA:36,900
DA:37,900
DA:40,900
DA:49,1
DA:53,3
DA:60,5
DA:63,450
DA:66,900
DA:68,900
DA:70,450
DA:72,5
DA:80,1
DA:93,1
DA:96,6
DA:101,6
DA:102,5
LF:31
LH:31
BRDA:18,0,0,1
BRDA:20,1,0,1
BRDA:22,2,0,1
BRDA:25,3,0,1
BRDA:27,4,0,1
BRDA:28,5,0,1
BRDA:66,6,0,220
BRDA:70,7,0,194
BRDA:70,7,1,256
BRDA:95,8,0,4
BRDA:99,9,0,1
BRDA:101,10,0,1
BRF:12
BRH:12
end_of_record
