TN:
SF:src/fizzBuzz/fizzBuzz.ts
FN:14,setupRules
FN:18,(anonymous_1)
FN:57,default_1
FN:66,(anonymous_3)
FN:74,(anonymous_4)
FN:77,(anonymous_5)
FNF:6
FNH:6
FNDA:10,setupRules
FNDA:8,(anonymous_1)
FNDA:11,default_1
FNDA:6,(anonymous_3)
FNDA:1000400,(anonymous_4)
FNDA:2000800,(anonymous_5)
DA:16,10
DA:18,6
DA:20,8
DA:21,1
DA:22,7
DA:23,1
DA:25,6
DA:26,1
DA:27,5
DA:28,1
DA:30,2
DA:34,4
DA:57,1
DA:62,11
DA:64,10
DA:66,6
DA:67,6
DA:70,6
DA:77,1000400
DA:80,2000800
DA:82,533535
DA:85,2000800
DA:87,1000400
DA:91,6
LF:24
LH:24
BRDA:16,0,0,6
BRDA:16,0,1,4
BRDA:20,1,0,1
BRDA:22,2,0,1
BRDA:25,3,0,1
BRDA:27,4,0,1
BRDA:58,5,0,2
BRDA:62,6,0,1
BRDA:80,7,0,533535
BRDA:87,8,0,466846
BRDA:87,8,1,533554
BRF:11
BRH:11
end_of_record
TN:
SF:src/fizzBuzz/fizzBuzzDp.ts
FN:20,(anonymous_0)
FN:43,(anonymous_1)
FN:45,(anonymous_2)
FN:59,(anonymous_3)
FN:67,(anonymous_4)
FN:69,(anonymous_5)
FN:74,(anonymous_6)
FN:75,(anonymous_7)
FN:108,(anonymous_8)
FN:119,(anonymous_9)
FNF:10
FNH:10
FNDA:12,(anonymous_0)
FNDA:2000900,(anonymous_1)
FNDA:2000900,(anonymous_2)
FNDA:3,(anonymous_3)
FNDA:6,(anonymous_4)
FNDA:6,(anonymous_5)
FNDA:1000450,(anonymous_6)
FNDA:2000900,(anonymous_7)
FNDA:9,(anonymous_8)
FNDA:8,(anonymous_9)
DA:12,1
DA:22,12
DA:23,1
DA:24,11
DA:25,1
DA:26,10
DA:27,1
DA:29,9
DA:30,1
DA:31,8
DA:32,7
DA:33,1
DA:35,6
DA:36,6
DA:37,6
DA:44,2000900
DA:45,2000900
DA:48,2000900
DA:57,1
DA:61,3
DA:69,6
DA:70,6
DA:72,6
DA:75,1000450
DA:78,2000900
DA:80,2000900
DA:82,1000450
DA:84,6
DA:91,1
DA:106,1
DA:110,9
DA:111,1
DA:113,8
DA:121,8
DA:122,7
DA:123,6
LF:36
LH:36
BRDA:22,0,0,1
BRDA:24,1,0,1
BRDA:26,2,0,1
BRDA:29,3,0,1
BRDA:31,4,0,1
BRDA:32,5,0,1
BRDA:78,6,0,533553
BRDA:82,7,0,466861
BRDA:82,7,1,533589
BRDA:108,8,0,6
BRDA:110,9,0,1
BRDA:119,10,0,1
BRDA:121,11,0,1
BRDA:122,12,0,1
BRF:14
BRH:14
end_of_record
TN:
SF:src/harryPotter/basket/Basket.ts
FN:14,(anonymous_0)
FN:22,(anonymous_1)
FN:29,(anonymous_2)
FN:30,(anonymous_3)
FN:36,(anonymous_4)
FN:38,(anonymous_5)
FN:39,(anonymous_6)
FNF:7
FNH:5
FNDA:13,(anonymous_0)
FNDA:70,(anonymous_1)
FNDA:0,(anonymous_2)
FNDA:0,(anonymous_3)
FNDA:13,(anonymous_4)
FNDA:70,(anonymous_5)
FNDA:70,(anonymous_6)
DA:3,1
DA:7,1
DA:15,13
DA:16,13
DA:23,70
DA:30,0
DA:38,13
DA:39,70
DA:40,70
DA:41,70
DA:44,13
DA:48,13
LF:12
LH:11
BRDA:14,0,0,13
BRDA:40,1,0,70
BRDA:40,1,1,0
BRF:3
BRH:2
end_of_record
TN:
SF:src/harryPotter/productManagement/Book.ts
FN:20,(anonymous_0)
FN:28,(anonymous_1)
FNF:2
FNH:1
FNDA:8,(anonymous_0)
FNDA:0,(anonymous_1)
DA:2,1
DA:12,1
DA:21,8
DA:22,8
DA:29,0
LF:5
LH:4
BRF:0
BRH:0
end_of_record
TN:
SF:src/harryPotter/productManagement/Product.ts
FN:21,(anonymous_0)
FNF:1
FNH:1
FNDA:8,(anonymous_0)
DA:2,1
DA:13,1
DA:22,8
DA:23,8
LF:4
LH:4
BRDA:22,0,0,8
BRDA:22,0,1,0
BRF:2
BRH:1
end_of_record
TN:
SF:src/harryPotter/productManagement/productData.ts
FNF:0
FNH:0
DA:1,1
DA:4,1
DA:9,1
DA:14,1
DA:19,1
DA:24,1
DA:29,1
DA:34,1
DA:39,1
DA:45,1
LF:10
LH:10
BRF:0
BRH:0
end_of_record
TN:
SF:src/harryPotter/promotionManagement/BuyFiveHarryPotterBooksSave25Percent.ts
FN:8,(anonymous_0)
FNF:1
FNH:1
FNDA:41,(anonymous_0)
DA:2,1
DA:3,1
DA:7,1
DA:9,41
DA:10,41
DA:11,41
DA:12,41
DA:13,41
LF:8
LH:8
BRF:0
BRH:0
end_of_record
TN:
SF:src/harryPotter/promotionManagement/BuyFourHarryPotterBooksSave20Percent.ts
FN:8,(anonymous_0)
FNF:1
FNH:1
FNDA:41,(anonymous_0)
DA:2,1
DA:3,1
DA:7,1
DA:9,41
DA:10,41
DA:11,41
DA:12,41
DA:13,41
LF:8
LH:8
BRF:0
BRH:0
end_of_record
TN:
SF:src/harryPotter/promotionManagement/BuyThreeHarryPotterBooksSave10Percent.ts
FN:8,(anonymous_0)
FNF:1
FNH:1
FNDA:41,(anonymous_0)
DA:2,1
DA:3,1
DA:7,1
DA:9,41
DA:10,41
DA:11,41
DA:12,41
DA:13,41
LF:8
LH:8
BRF:0
BRH:0
end_of_record
TN:
SF:src/harryPotter/promotionManagement/BuyTwoHarryPotterBooksSave5Percent.ts
FN:8,(anonymous_0)
FNF:1
FNH:1
FNDA:41,(anonymous_0)
DA:2,1
DA:3,1
DA:7,1
DA:9,41
DA:10,41
DA:11,41
DA:12,41
DA:13,41
LF:8
LH:8
BRF:0
BRH:0
end_of_record
TN:
SF:src/harryPotter/promotionManagement/Promotion.ts
FN:15,(anonymous_0)
FN:26,(anonymous_1)
FN:32,(anonymous_2)
FN:36,(anonymous_3)
FN:38,(anonymous_4)
FN:44,(anonymous_5)
FN:45,(anonymous_6)
FN:46,(anonymous_7)
FN:59,(anonymous_8)
FN:63,(anonymous_9)
FN:64,(anonymous_10)
FNF:11
FNH:10
FNDA:444,(anonymous_0)
FNDA:164,(anonymous_1)
FNDA:0,(anonymous_2)
FNDA:444,(anonymous_3)
FNDA:736,(anonymous_4)
FNDA:188,(anonymous_5)
FNDA:188,(anonymous_6)
FNDA:188,(anonymous_7)
FNDA:46,(anonymous_8)
FNDA:149,(anonymous_9)
FNDA:149,(anonymous_10)
DA:6,1
DA:16,444
DA:31,164
DA:33,0
DA:34,0
DA:37,444
DA:38,736
DA:41,4
DA:44,164
DA:45,188
DA:46,188
DA:47,188
DA:48,0
DA:49,188
DA:51,164
DA:63,46
DA:64,149
DA:65,149
DA:66,149
DA:68,46
LF:20
LH:17
BRDA:31,0,0,0
BRDA:31,0,1,164
BRDA:33,1,0,0
BRDA:33,1,1,0
BRDA:37,2,0,440
BRDA:37,2,1,4
BRDA:38,3,0,88
BRDA:38,3,1,352
BRDA:47,4,0,0
BRDA:47,5,0,188
BRDA:47,5,1,188
BRDA:65,6,0,149
BRDA:65,6,1,0
BRF:13
BRH:8
end_of_record
TN:
SF:src/harryPotter/promotionManagement/PromotionOptimiser.ts
FN:16,(anonymous_0)
FN:29,(anonymous_1)
FN:38,(anonymous_2)
FNF:3
FNH:3
FNDA:41,(anonymous_0)
FNDA:41,(anonymous_1)
FNDA:164,(anonymous_2)
DA:3,1
DA:4,1
DA:5,1
DA:6,1
DA:11,1
DA:17,41
DA:33,41
DA:38,41
DA:39,164
DA:41,164
DA:44,46
DA:46,46
DA:47,18
DA:51,18
DA:52,18
DA:60,28
DA:65,28
DA:70,28
DA:71,28
DA:76,28
DA:77,28
DA:78,22
DA:84,41
LF:23
LH:23
BRDA:41,0,0,118
BRDA:46,1,0,18
BRDA:46,1,1,28
BRDA:51,2,0,18
BRDA:77,3,0,22
BRF:5
BRH:5
end_of_record
TN:
SF:src/harryPotter/promotionManagement/qualifyingProducts.ts
FNF:0
FNH:0
DA:2,1
DA:14,1
LF:2
LH:2
BRF:0
BRH:0
end_of_record
